<?xml version="1.0" encoding="UTF-8"?>
<testng-results ignored="0" total="2" passed="2" failed="0" skipped="0">
  <reporter-output>
  </reporter-output>
  <suite started-at="2024-10-02T19:11:01 IST" name="mastersuite" finished-at="2024-10-02T19:11:30 IST" duration-ms="28834">
    <groups>
    </groups>
    <test started-at="2024-10-02T19:11:01 IST" name="chromeTest" finished-at="2024-10-02T19:11:30 IST" duration-ms="28834">
      <class name="demotestCases.TC001_AccountRegistraionTest">
        <test-method is-config="true" signature="setup(java.lang.String,java.lang.String)[pri:0, instance:demotestCases.TC001_AccountRegistraionTest@7642df8f]" started-at="2024-10-02T19:11:02 IST" name="setup" finished-at="2024-10-02T19:11:12 IST" duration-ms="9882" status="PASS">
          <params>
            <param index="0">
              <value>
                <![CDATA[Windows]]>
              </value>
            </param>
            <param index="1">
              <value>
                <![CDATA[chrome]]>
              </value>
            </param>
          </params>
          <reporter-output>
          </reporter-output>
        </test-method> <!-- setup -->
        <test-method signature="verify_AccountRegistrationTest()[pri:0, instance:demotestCases.TC001_AccountRegistraionTest@7642df8f]" started-at="2024-10-02T19:11:12 IST" name="verify_AccountRegistrationTest" finished-at="2024-10-02T19:11:19 IST" duration-ms="6699" status="PASS">
          <reporter-output>
          </reporter-output>
        </test-method> <!-- verify_AccountRegistrationTest -->
        <test-method is-config="true" signature="tearDown()[pri:0, instance:demotestCases.TC001_AccountRegistraionTest@7642df8f]" started-at="2024-10-02T19:11:19 IST" name="tearDown" finished-at="2024-10-02T19:11:19 IST" duration-ms="367" status="PASS">
          <reporter-output>
          </reporter-output>
        </test-method> <!-- tearDown -->
      </class> <!-- demotestCases.TC001_AccountRegistraionTest -->
      <class name="demotestCases.TC002_LoginTest">
        <test-method is-config="true" signature="setup(java.lang.String,java.lang.String)[pri:0, instance:demotestCases.TC002_LoginTest@1199fe66]" started-at="2024-10-02T19:11:19 IST" name="setup" finished-at="2024-10-02T19:11:25 IST" duration-ms="5619" status="PASS">
          <params>
            <param index="0">
              <value>
                <![CDATA[Windows]]>
              </value>
            </param>
            <param index="1">
              <value>
                <![CDATA[chrome]]>
              </value>
            </param>
          </params>
          <reporter-output>
          </reporter-output>
        </test-method> <!-- setup -->
        <test-method signature="verifyLogin()[pri:0, instance:demotestCases.TC002_LoginTest@1199fe66]" started-at="2024-10-02T19:11:25 IST" name="verifyLogin" finished-at="2024-10-02T19:11:29 IST" duration-ms="4781" status="PASS">
          <reporter-output>
          </reporter-output>
        </test-method> <!-- verifyLogin -->
        <test-method is-config="true" signature="tearDown()[pri:0, instance:demotestCases.TC002_LoginTest@1199fe66]" started-at="2024-10-02T19:11:29 IST" name="tearDown" finished-at="2024-10-02T19:11:30 IST" duration-ms="427" status="PASS">
          <reporter-output>
          </reporter-output>
        </test-method> <!-- tearDown -->
      </class> <!-- demotestCases.TC002_LoginTest -->
    </test> <!-- chromeTest -->
  </suite> <!-- mastersuite -->
</testng-results>
