<?xml version="1.0" encoding="UTF-8"?>
<testng-results ignored="0" total="2" passed="2" failed="0" skipped="0">
  <reporter-output>
  </reporter-output>
  <suite started-at="2024-10-02T18:40:51 IST" name="mastersuite" finished-at="2024-10-02T18:41:18 IST" duration-ms="27366">
    <groups>
    </groups>
    <test started-at="2024-10-02T18:40:51 IST" name="chromeTest" finished-at="2024-10-02T18:41:18 IST" duration-ms="27366">
      <class name="demotestCases.TC001_AccountRegistraionTest">
        <test-method is-config="true" signature="setup(java.lang.String,java.lang.String)[pri:0, instance:demotestCases.TC001_AccountRegistraionTest@631e06ab]" started-at="2024-10-02T18:40:52 IST" name="setup" finished-at="2024-10-02T18:41:00 IST" duration-ms="8169" status="PASS">
          <params>
            <param index="0">
              <value>
                <![CDATA[Windows]]>
              </value>
            </param>
            <param index="1">
              <value>
                <![CDATA[chrome]]>
              </value>
            </param>
          </params>
          <reporter-output>
          </reporter-output>
        </test-method> <!-- setup -->
        <test-method signature="verify_AccountRegistrationTest()[pri:0, instance:demotestCases.TC001_AccountRegistraionTest@631e06ab]" started-at="2024-10-02T18:41:00 IST" name="verify_AccountRegistrationTest" finished-at="2024-10-02T18:41:07 IST" duration-ms="7186" status="PASS">
          <reporter-output>
          </reporter-output>
        </test-method> <!-- verify_AccountRegistrationTest -->
        <test-method is-config="true" signature="tearDown()[pri:0, instance:demotestCases.TC001_AccountRegistraionTest@631e06ab]" started-at="2024-10-02T18:41:07 IST" name="tearDown" finished-at="2024-10-02T18:41:08 IST" duration-ms="410" status="PASS">
          <reporter-output>
          </reporter-output>
        </test-method> <!-- tearDown -->
      </class> <!-- demotestCases.TC001_AccountRegistraionTest -->
      <class name="demotestCases.TC002_LoginTest">
        <test-method is-config="true" signature="setup(java.lang.String,java.lang.String)[pri:0, instance:demotestCases.TC002_LoginTest@186978a6]" started-at="2024-10-02T18:41:08 IST" name="setup" finished-at="2024-10-02T18:41:13 IST" duration-ms="5503" status="PASS">
          <params>
            <param index="0">
              <value>
                <![CDATA[Windows]]>
              </value>
            </param>
            <param index="1">
              <value>
                <![CDATA[chrome]]>
              </value>
            </param>
          </params>
          <reporter-output>
          </reporter-output>
        </test-method> <!-- setup -->
        <test-method signature="verifyLogin()[pri:0, instance:demotestCases.TC002_LoginTest@186978a6]" started-at="2024-10-02T18:41:13 IST" name="verifyLogin" finished-at="2024-10-02T18:41:18 IST" duration-ms="4760" status="PASS">
          <reporter-output>
          </reporter-output>
        </test-method> <!-- verifyLogin -->
        <test-method is-config="true" signature="tearDown()[pri:0, instance:demotestCases.TC002_LoginTest@186978a6]" started-at="2024-10-02T18:41:18 IST" name="tearDown" finished-at="2024-10-02T18:41:18 IST" duration-ms="444" status="PASS">
          <reporter-output>
          </reporter-output>
        </test-method> <!-- tearDown -->
      </class> <!-- demotestCases.TC002_LoginTest -->
    </test> <!-- chromeTest -->
  </suite> <!-- mastersuite -->
</testng-results>
