<?xml version="1.0" encoding="UTF-8"?>
<testng-results ignored="0" total="1" passed="1" failed="0" skipped="0">
  <reporter-output>
  </reporter-output>
  <suite started-at="2024-10-03T17:29:50 IST" name="mastersuite" finished-at="2024-10-03T17:30:09 IST" duration-ms="18658">
    <groups>
    </groups>
    <test started-at="2024-10-03T17:29:50 IST" name="chromeTest" finished-at="2024-10-03T17:30:09 IST" duration-ms="18658">
      <class name="demotestCases.TC004_RegistrationBankCustomerTest">
        <test-method is-config="true" signature="setup(java.lang.String,java.lang.String)[pri:0, instance:demotestCases.TC004_RegistrationBankCustomerTest@3a94964]" started-at="2024-10-03T17:29:51 IST" name="setup" finished-at="2024-10-03T17:29:58 IST" duration-ms="6995" status="PASS">
          <params>
            <param index="0">
              <value>
                <![CDATA[Windows]]>
              </value>
            </param>
            <param index="1">
              <value>
                <![CDATA[chrome]]>
              </value>
            </param>
          </params>
          <reporter-output>
          </reporter-output>
        </test-method> <!-- setup -->
        <test-method signature="NewCustomerRegistration()[pri:0, instance:demotestCases.TC004_RegistrationBankCustomerTest@3a94964]" started-at="2024-10-03T17:29:58 IST" name="NewCustomerRegistration" finished-at="2024-10-03T17:30:08 IST" duration-ms="10104" status="PASS">
          <reporter-output>
          </reporter-output>
        </test-method> <!-- NewCustomerRegistration -->
        <test-method is-config="true" signature="tearDown()[pri:0, instance:demotestCases.TC004_RegistrationBankCustomerTest@3a94964]" started-at="2024-10-03T17:30:08 IST" name="tearDown" finished-at="2024-10-03T17:30:09 IST" duration-ms="556" status="PASS">
          <reporter-output>
          </reporter-output>
        </test-method> <!-- tearDown -->
      </class> <!-- demotestCases.TC004_RegistrationBankCustomerTest -->
    </test> <!-- chromeTest -->
  </suite> <!-- mastersuite -->
</testng-results>
